<?xml version="1.0" encoding="UTF-8"?>
<!-- Generated by org.testng.reporters.JUnitReportReporter -->
<testsuite hostname="KELLGGNLPTP0766" failures="0" tests="1" name="CalendarTest" time="6.880" errors="0" timestamp="2024-06-09T14:36:20 IST" skipped="0">
  <testcase classname="CalendarTest" name="calendarTest" time="6.880"/>
  <system-out/>
</testsuite> <!-- CalendarTest -->
