<?xml version="1.0" encoding="UTF-8"?>
<!-- Generated by org.testng.reporters.JUnitReportReporter -->
<testsuite hostname="KELLGGNLPTP0766" failures="0" tests="1" name="ScreenShotEntirePage" time="11.613" errors="0" timestamp="2024-06-05T18:27:32 IST" skipped="0">
  <testcase classname="ScreenShotEntirePage" name="screenShotDemo" time="11.613"/>
  <system-out/>
</testsuite> <!-- ScreenShotEntirePage -->
