<?xml version="1.0" encoding="UTF-8"?>
<!-- Generated by org.testng.reporters.JUnitReportReporter -->
<testsuite hostname="KELLGGNLPTP0766" failures="0" tests="1" name="Calendar2" time="19.832" errors="0" timestamp="2024-06-09T14:39:07 IST" skipped="0">
  <testcase classname="Calendar2" name="cal" time="19.832"/>
  <system-out/>
</testsuite> <!-- Calendar2 -->
