<?xml version="1.0" encoding="UTF-8"?>
<!-- Generated by org.testng.reporters.JUnitReportReporter -->
<testsuite hostname="KELLGGNLPTP0766" failures="0" tests="4" name="ConditionalStatements" time="0.020" errors="0" timestamp="2024-05-31T11:15:18 IST" skipped="0">
  <testcase classname="ConditionalStatements" name="condition" time="0.001"/>
  <system-out/>
  <testcase classname="ConditionalStatements" name="switchDay" time="0.002"/>
  <system-out/>
  <testcase classname="ConditionalStatements" name="age" time="0.016"/>
  <system-out/>
  <testcase classname="ConditionalStatements" name="grade" time="0.001"/>
  <system-out/>
</testsuite> <!-- ConditionalStatements -->
