<?xml version="1.0" encoding="UTF-8"?>
<!-- Generated by org.testng.reporters.JUnitReportReporter -->
<testsuite hostname="KELLGGNLPTP0766" failures="0" tests="1" name="JavaPractice" time="9.356" errors="0" timestamp="2024-06-06T11:51:09 IST" skipped="0">
  <testcase classname="JavaPractice" name="dropDown" time="9.356"/>
  <system-out/>
</testsuite> <!-- JavaPractice -->
