<?xml version="1.0" encoding="UTF-8"?>
<!-- Generated by org.testng.reporters.JUnitReportReporter -->
<testsuite hostname="KELLGGNLPTP0766" failures="0" tests="1" name="Strings" time="0.011" errors="0" timestamp="2024-05-31T12:27:56 IST" skipped="0">
  <testcase classname="Strings" name="stringBuffer" time="0.011"/>
  <system-out/>
</testsuite> <!-- Strings -->
