<?xml version="1.0" encoding="UTF-8"?>
<!-- Generated by org.testng.reporters.JUnitReportReporter -->
<testsuite hostname="KELLGGNLPTP0766" failures="0" tests="1" name="CalendarTesting" time="4.589" errors="0" timestamp="2024-06-09T16:08:10 IST" skipped="0">
  <testcase classname="CalendarTesting" name="TestCal" time="4.589"/>
  <system-out/>
</testsuite> <!-- CalendarTesting -->
