<?xml version="1.0" encoding="UTF-8"?>
<!-- Generated by org.testng.reporters.JUnitReportReporter -->
<testsuite hostname="KELLGGNLPTP0766" failures="0" tests="5" name="JavaLoops" time="0.019" errors="0" timestamp="2024-05-31T12:12:42 IST" skipped="0">
  <testcase classname="JavaLoops" name="continueStatement" time="0.001"/>
  <system-out/>
  <testcase classname="JavaLoops" name="iteration" time="0.002"/>
  <system-out/>
  <testcase classname="JavaLoops" name="breakStatement" time="0.012"/>
  <system-out/>
  <testcase classname="JavaLoops" name="enhancedFor" time="0.002"/>
  <system-out/>
  <testcase classname="JavaLoops" name="matrix" time="0.002"/>
  <system-out/>
</testsuite> <!-- JavaLoops -->
